<?xml version="1.0" encoding="UTF-8"?>
<!-- Generated by org.testng.reporters.JUnitXMLReporter -->
<testsuite ignored="0" hostname="LAPTOP-N34GTUSU" failures="1" tests="2" name="Test" time="49.403" errors="0" timestamp="03 Jun 2020 18:17:23 GMT">
  <testcase classname="com.vTiger.testScripts.CreateVendorTest" name="createVendorAccountTest" time="4.623">
    <failure type="java.lang.AssertionError" message="expected [true] but found [false]">
      <![CDATA[java.lang.AssertionError: expected [true] but found [false]
at com.vTiger.testScripts.CreateVendorTest.createVendorAccountTest(CreateVendorTest.java:28)
at java.base/java.util.concurrent.FutureTask.run(FutureTask.java:264)
at java.base/java.util.concurrent.ThreadPoolExecutor.runWorker(ThreadPoolExecutor.java:1128)
at java.base/java.util.concurrent.ThreadPoolExecutor$Worker.run(ThreadPoolExecutor.java:628)
at java.base/java.lang.Thread.run(Thread.java:835)
... Removed 20 stack frames]]>
    </failure>
  </testcase> <!-- createVendorAccountTest -->
  <testcase classname="com.vTiger.testScripts.CreateProductsTest" name="createProductTest" time="17.321"/>
</testsuite> <!-- Test -->
